<?xml version="1.0" encoding="UTF-8"?>
<testsuite name="com.example.rentCD.RentCdApplicationTests" tests="1" skipped="0" failures="0" errors="0" timestamp="2019-05-12T16:58:31" hostname="DESKTOP-E446K5N" time="0.041">
  <properties/>
  <testcase name="contextLoads" classname="com.example.rentCD.RentCdApplicationTests" time="0.041"/>
  <system-out><![CDATA[18:58:27.552 [Test worker] DEBUG org.springframework.test.context.junit4.SpringJUnit4ClassRunner - SpringJUnit4ClassRunner constructor called with [class com.example.rentCD.RentCdApplicationTests]
18:58:27.560 [Test worker] DEBUG org.springframework.test.context.BootstrapUtils - Instantiating CacheAwareContextLoaderDelegate from class [org.springframework.test.context.cache.DefaultCacheAwareContextLoaderDelegate]
18:58:27.569 [Test worker] DEBUG org.springframework.test.context.BootstrapUtils - Instantiating BootstrapContext using constructor [public org.springframework.test.context.support.DefaultBootstrapContext(java.lang.Class,org.springframework.test.context.CacheAwareContextLoaderDelegate)]
18:58:27.588 [Test worker] DEBUG org.springframework.test.context.BootstrapUtils - Instantiating TestContextBootstrapper for test class [com.example.rentCD.RentCdApplicationTests] from class [org.springframework.boot.test.context.SpringBootTestContextBootstrapper]
18:58:27.601 [Test worker] INFO org.springframework.boot.test.context.SpringBootTestContextBootstrapper - Neither @ContextConfiguration nor @ContextHierarchy found for test class [com.example.rentCD.RentCdApplicationTests], using SpringBootContextLoader
18:58:27.604 [Test worker] DEBUG org.springframework.test.context.support.AbstractContextLoader - Did not detect default resource location for test class [com.example.rentCD.RentCdApplicationTests]: class path resource [com/example/rentCD/RentCdApplicationTests-context.xml] does not exist
18:58:27.605 [Test worker] DEBUG org.springframework.test.context.support.AbstractContextLoader - Did not detect default resource location for test class [com.example.rentCD.RentCdApplicationTests]: class path resource [com/example/rentCD/RentCdApplicationTestsContext.groovy] does not exist
18:58:27.605 [Test worker] INFO org.springframework.test.context.support.AbstractContextLoader - Could not detect default resource locations for test class [com.example.rentCD.RentCdApplicationTests]: no resource found for suffixes {-context.xml, Context.groovy}.
18:58:27.606 [Test worker] INFO org.springframework.test.context.support.AnnotationConfigContextLoaderUtils - Could not detect default configuration classes for test class [com.example.rentCD.RentCdApplicationTests]: RentCdApplicationTests does not declare any static, non-private, non-final, nested classes annotated with @Configuration.
18:58:27.652 [Test worker] DEBUG org.springframework.test.context.support.ActiveProfilesUtils - Could not find an 'annotation declaring class' for annotation type [org.springframework.test.context.ActiveProfiles] and class [com.example.rentCD.RentCdApplicationTests]
18:58:27.714 [Test worker] DEBUG org.springframework.context.annotation.ClassPathScanningCandidateComponentProvider - Identified candidate component class: file [C:\Users\Alexis\Desktop\AJD\rentCD\build\classes\java\main\com\example\rentCD\RentCdApplication.class]
18:58:27.715 [Test worker] INFO org.springframework.boot.test.context.SpringBootTestContextBootstrapper - Found @SpringBootConfiguration com.example.rentCD.RentCdApplication for test class com.example.rentCD.RentCdApplicationTests
18:58:27.804 [Test worker] DEBUG org.springframework.boot.test.context.SpringBootTestContextBootstrapper - @TestExecutionListeners is not present for class [com.example.rentCD.RentCdApplicationTests]: using defaults.
18:58:27.804 [Test worker] INFO org.springframework.boot.test.context.SpringBootTestContextBootstrapper - Loaded default TestExecutionListener class names from location [META-INF/spring.factories]: [org.springframework.boot.test.autoconfigure.restdocs.RestDocsTestExecutionListener, org.springframework.boot.test.autoconfigure.web.client.MockRestServiceServerResetTestExecutionListener, org.springframework.boot.test.autoconfigure.web.servlet.MockMvcPrintOnlyOnFailureTestExecutionListener, org.springframework.boot.test.autoconfigure.web.servlet.WebDriverTestExecutionListener, org.springframework.boot.test.mock.mockito.MockitoTestExecutionListener, org.springframework.boot.test.mock.mockito.ResetMocksTestExecutionListener, org.springframework.test.context.web.ServletTestExecutionListener, org.springframework.test.context.support.DirtiesContextBeforeModesTestExecutionListener, org.springframework.test.context.support.DependencyInjectionTestExecutionListener, org.springframework.test.context.support.DirtiesContextTestExecutionListener, org.springframework.test.context.transaction.TransactionalTestExecutionListener, org.springframework.test.context.jdbc.SqlScriptsTestExecutionListener]
18:58:27.820 [Test worker] INFO org.springframework.boot.test.context.SpringBootTestContextBootstrapper - Using TestExecutionListeners: [org.springframework.test.context.web.ServletTestExecutionListener@5d285733, org.springframework.test.context.support.DirtiesContextBeforeModesTestExecutionListener@2ba96c73, org.springframework.boot.test.mock.mockito.MockitoTestExecutionListener@2f45483d, org.springframework.boot.test.autoconfigure.SpringBootDependencyInjectionTestExecutionListener@48775ee, org.springframework.test.context.support.DirtiesContextTestExecutionListener@1b092b82, org.springframework.test.context.transaction.TransactionalTestExecutionListener@7b231664, org.springframework.test.context.jdbc.SqlScriptsTestExecutionListener@7ea2ad9d, org.springframework.boot.test.autoconfigure.restdocs.RestDocsTestExecutionListener@41b58fa2, org.springframework.boot.test.autoconfigure.web.client.MockRestServiceServerResetTestExecutionListener@13b2e92d, org.springframework.boot.test.autoconfigure.web.servlet.MockMvcPrintOnlyOnFailureTestExecutionListener@70c14d09, org.springframework.boot.test.autoconfigure.web.servlet.WebDriverTestExecutionListener@1b64d8c9, org.springframework.boot.test.mock.mockito.ResetMocksTestExecutionListener@76419c98]
18:58:27.822 [Test worker] DEBUG org.springframework.test.annotation.ProfileValueUtils - Retrieved @ProfileValueSourceConfiguration [null] for test class [com.example.rentCD.RentCdApplicationTests]
18:58:27.823 [Test worker] DEBUG org.springframework.test.annotation.ProfileValueUtils - Retrieved ProfileValueSource type [class org.springframework.test.annotation.SystemProfileValueSource] for class [com.example.rentCD.RentCdApplicationTests]
18:58:27.824 [Test worker] DEBUG org.springframework.test.annotation.ProfileValueUtils - Retrieved @ProfileValueSourceConfiguration [null] for test class [com.example.rentCD.RentCdApplicationTests]
18:58:27.824 [Test worker] DEBUG org.springframework.test.annotation.ProfileValueUtils - Retrieved ProfileValueSource type [class org.springframework.test.annotation.SystemProfileValueSource] for class [com.example.rentCD.RentCdApplicationTests]
18:58:27.828 [Test worker] DEBUG org.springframework.test.context.support.AbstractDirtiesContextTestExecutionListener - Before test class: context [DefaultTestContext@68e0a783 testClass = RentCdApplicationTests, testInstance = [null], testMethod = [null], testException = [null], mergedContextConfiguration = [WebMergedContextConfiguration@4af38ac5 testClass = RentCdApplicationTests, locations = '{}', classes = '{class com.example.rentCD.RentCdApplication}', contextInitializerClasses = '[]', activeProfiles = '{}', propertySourceLocations = '{}', propertySourceProperties = '{org.springframework.boot.test.context.SpringBootTestContextBootstrapper=true}', contextCustomizers = set[org.springframework.boot.test.autoconfigure.properties.PropertyMappingContextCustomizer@0, org.springframework.boot.test.autoconfigure.web.servlet.WebDriverContextCustomizerFactory$Customizer@6deaff49, org.springframework.boot.test.context.filter.ExcludeFilterContextCustomizer@1f71c515, org.springframework.boot.test.json.DuplicateJsonObjectContextCustomizerFactory$DuplicateJsonObjectContextCustomizer@129b891f, org.springframework.boot.test.mock.mockito.MockitoContextCustomizer@0, org.springframework.boot.test.web.client.TestRestTemplateContextCustomizer@6a668adb], resourceBasePath = 'src/main/webapp', contextLoader = 'org.springframework.boot.test.context.SpringBootContextLoader', parent = [null]], attributes = map['org.springframework.test.context.web.ServletTestExecutionListener.activateListener' -> true]], class annotated with @DirtiesContext [false] with mode [null].
18:58:27.829 [Test worker] DEBUG org.springframework.test.annotation.ProfileValueUtils - Retrieved @ProfileValueSourceConfiguration [null] for test class [com.example.rentCD.RentCdApplicationTests]
18:58:27.829 [Test worker] DEBUG org.springframework.test.annotation.ProfileValueUtils - Retrieved ProfileValueSource type [class org.springframework.test.annotation.SystemProfileValueSource] for class [com.example.rentCD.RentCdApplicationTests]
18:58:27.849 [Test worker] DEBUG org.springframework.test.context.support.TestPropertySourceUtils - Adding inlined properties to environment: {spring.jmx.enabled=false, org.springframework.boot.test.context.SpringBootTestContextBootstrapper=true, server.port=-1}

  .   ____          _            __ _ _
 /\\ / ___'_ __ _ _(_)_ __  __ _ \ \ \ \
( ( )\___ | '_ | '_| | '_ \/ _` | \ \ \ \
 \\/  ___)| |_)| | | | | || (_| |  ) ) ) )
  '  |____| .__|_| |_|_| |_\__, | / / / /
 =========|_|==============|___/=/_/_/_/
 :: Spring Boot ::        (v2.1.4.RELEASE)

2019-05-12 18:58:28.072  INFO 11448 --- [    Test worker] c.example.rentCD.RentCdApplicationTests  : Starting RentCdApplicationTests on DESKTOP-E446K5N with PID 11448 (started by Alexis in C:\Users\Alexis\Desktop\AJD\rentCD)
2019-05-12 18:58:28.073  INFO 11448 --- [    Test worker] c.example.rentCD.RentCdApplicationTests  : No active profile set, falling back to default profiles: default
2019-05-12 18:58:28.853  INFO 11448 --- [    Test worker] .s.d.r.c.RepositoryConfigurationDelegate : Bootstrapping Spring Data repositories in DEFAULT mode.
2019-05-12 18:58:28.872  INFO 11448 --- [    Test worker] .s.d.r.c.RepositoryConfigurationDelegate : Finished Spring Data repository scanning in 13ms. Found 0 repository interfaces.
2019-05-12 18:58:29.214  INFO 11448 --- [    Test worker] trationDelegate$BeanPostProcessorChecker : Bean 'org.springframework.transaction.annotation.ProxyTransactionManagementConfiguration' of type [org.springframework.transaction.annotation.ProxyTransactionManagementConfiguration$$EnhancerBySpringCGLIB$$5605ef] is not eligible for getting processed by all BeanPostProcessors (for example: not eligible for auto-proxying)
2019-05-12 18:58:29.400  INFO 11448 --- [    Test worker] com.zaxxer.hikari.HikariDataSource       : HikariPool-1 - Starting...
2019-05-12 18:58:29.603  INFO 11448 --- [    Test worker] com.zaxxer.hikari.HikariDataSource       : HikariPool-1 - Start completed.
2019-05-12 18:58:29.677  INFO 11448 --- [    Test worker] o.hibernate.jpa.internal.util.LogHelper  : HHH000204: Processing PersistenceUnitInfo [
	name: default
	...]
2019-05-12 18:58:29.748  INFO 11448 --- [    Test worker] org.hibernate.Version                    : HHH000412: Hibernate Core {5.3.9.Final}
2019-05-12 18:58:29.749  INFO 11448 --- [    Test worker] org.hibernate.cfg.Environment            : HHH000206: hibernate.properties not found
2019-05-12 18:58:29.895  INFO 11448 --- [    Test worker] o.hibernate.annotations.common.Version   : HCANN000001: Hibernate Commons Annotations {5.0.4.Final}
2019-05-12 18:58:30.047  INFO 11448 --- [    Test worker] org.hibernate.dialect.Dialect            : HHH000400: Using dialect: org.hibernate.dialect.H2Dialect
2019-05-12 18:58:30.267  INFO 11448 --- [    Test worker] o.h.t.schema.internal.SchemaCreatorImpl  : HHH000476: Executing import script 'org.hibernate.tool.schema.internal.exec.ScriptSourceInputNonExistentImpl@44e7ae4d'
2019-05-12 18:58:30.270  INFO 11448 --- [    Test worker] j.LocalContainerEntityManagerFactoryBean : Initialized JPA EntityManagerFactory for persistence unit 'default'
2019-05-12 18:58:30.861  INFO 11448 --- [    Test worker] o.s.s.concurrent.ThreadPoolTaskExecutor  : Initializing ExecutorService 'applicationTaskExecutor'
2019-05-12 18:58:30.916  WARN 11448 --- [    Test worker] aWebConfiguration$JpaWebMvcConfiguration : spring.jpa.open-in-view is enabled by default. Therefore, database queries may be performed during view rendering. Explicitly configure spring.jpa.open-in-view to disable this warning
2019-05-12 18:58:31.275  INFO 11448 --- [    Test worker] c.example.rentCD.RentCdApplicationTests  : Started RentCdApplicationTests in 3.418 seconds (JVM running for 4.403)
]]></system-out>
  <system-err><![CDATA[]]></system-err>
</testsuite>
